INFO 2025-03-26 02:25:15,658 autoreload Watching for file changes with StatReloader
INFO 2025-03-26 02:25:17,849 basehttp "GET / HTTP/1.1" 302 0
INFO 2025-03-26 02:25:17,886 basehttp "GET /redirect/ HTTP/1.1" 302 0
INFO 2025-03-26 02:25:17,925 basehttp "GET /lab-assistant-portal/ HTTP/1.1" 302 0
INFO 2025-03-26 02:25:17,957 basehttp "GET / HTTP/1.1" 302 0
INFO 2025-03-26 02:25:17,989 basehttp "GET /redirect/ HTTP/1.1" 302 0
INFO 2025-03-26 02:25:18,023 basehttp "GET /lab-assistant-portal/ HTTP/1.1" 302 0
INFO 2025-03-26 02:25:18,060 basehttp "GET / HTTP/1.1" 302 0
INFO 2025-03-26 02:25:18,093 basehttp "GET /redirect/ HTTP/1.1" 302 0
INFO 2025-03-26 02:25:18,127 basehttp "GET /lab-assistant-portal/ HTTP/1.1" 302 0
INFO 2025-03-26 02:25:18,157 basehttp "GET / HTTP/1.1" 302 0
INFO 2025-03-26 02:25:18,189 basehttp "GET /redirect/ HTTP/1.1" 302 0
INFO 2025-03-26 02:25:18,226 basehttp "GET /lab-assistant-portal/ HTTP/1.1" 302 0
INFO 2025-03-26 02:25:18,260 basehttp "GET / HTTP/1.1" 302 0
INFO 2025-03-26 02:25:18,294 basehttp "GET /redirect/ HTTP/1.1" 302 0
INFO 2025-03-26 02:25:18,329 basehttp "GET /lab-assistant-portal/ HTTP/1.1" 302 0
INFO 2025-03-26 02:25:18,361 basehttp "GET / HTTP/1.1" 302 0
INFO 2025-03-26 02:25:18,397 basehttp "GET /redirect/ HTTP/1.1" 302 0
INFO 2025-03-26 02:25:18,432 basehttp "GET /lab-assistant-portal/ HTTP/1.1" 302 0
INFO 2025-03-26 02:25:18,464 basehttp "GET / HTTP/1.1" 302 0
INFO 2025-03-26 02:25:18,498 basehttp "GET /redirect/ HTTP/1.1" 302 0
INFO 2025-03-26 02:25:19,572 basehttp "GET /redirect/ HTTP/1.1" 302 0
INFO 2025-03-26 02:25:19,607 basehttp "GET /lab-assistant-portal/ HTTP/1.1" 302 0
INFO 2025-03-26 02:25:19,639 basehttp "GET / HTTP/1.1" 302 0
INFO 2025-03-26 02:25:19,785 basehttp "GET /redirect/ HTTP/1.1" 302 0
INFO 2025-03-26 02:25:19,821 basehttp "GET /lab-assistant-portal/ HTTP/1.1" 302 0
INFO 2025-03-26 02:25:19,852 basehttp "GET / HTTP/1.1" 302 0
INFO 2025-03-26 02:25:19,885 basehttp "GET /redirect/ HTTP/1.1" 302 0
INFO 2025-03-26 02:25:19,920 basehttp "GET /lab-assistant-portal/ HTTP/1.1" 302 0
INFO 2025-03-26 02:25:19,950 basehttp "GET / HTTP/1.1" 302 0
INFO 2025-03-26 02:25:20,098 basehttp "GET /redirect/ HTTP/1.1" 302 0
INFO 2025-03-26 02:25:20,131 basehttp "GET /lab-assistant-portal/ HTTP/1.1" 302 0
INFO 2025-03-26 02:25:20,161 basehttp "GET / HTTP/1.1" 302 0
INFO 2025-03-26 02:25:20,193 basehttp "GET /redirect/ HTTP/1.1" 302 0
INFO 2025-03-26 02:25:20,226 basehttp "GET /lab-assistant-portal/ HTTP/1.1" 302 0
INFO 2025-03-26 02:25:20,257 basehttp "GET / HTTP/1.1" 302 0
INFO 2025-03-26 02:25:20,287 basehttp "GET /redirect/ HTTP/1.1" 302 0
INFO 2025-03-26 02:25:20,323 basehttp "GET /lab-assistant-portal/ HTTP/1.1" 302 0
INFO 2025-03-26 02:25:20,353 basehttp "GET / HTTP/1.1" 302 0
INFO 2025-03-26 02:25:20,386 basehttp "GET /redirect/ HTTP/1.1" 302 0
INFO 2025-03-26 02:25:20,419 basehttp "GET /lab-assistant-portal/ HTTP/1.1" 302 0
INFO 2025-03-26 02:25:22,452 basehttp "GET /lab-assistant-portal/ HTTP/1.1" 302 0
INFO 2025-03-26 02:25:22,484 basehttp "GET / HTTP/1.1" 302 0
INFO 2025-03-26 02:25:22,516 basehttp "GET /redirect/ HTTP/1.1" 302 0
INFO 2025-03-26 02:25:22,551 basehttp "GET /lab-assistant-portal/ HTTP/1.1" 302 0
INFO 2025-03-26 02:25:22,582 basehttp "GET / HTTP/1.1" 302 0
INFO 2025-03-26 02:25:22,615 basehttp "GET /redirect/ HTTP/1.1" 302 0
INFO 2025-03-26 02:25:22,649 basehttp "GET /lab-assistant-portal/ HTTP/1.1" 302 0
INFO 2025-03-26 02:25:22,686 basehttp "GET / HTTP/1.1" 302 0
INFO 2025-03-26 02:25:22,718 basehttp "GET /redirect/ HTTP/1.1" 302 0
INFO 2025-03-26 02:25:22,752 basehttp "GET /lab-assistant-portal/ HTTP/1.1" 302 0
INFO 2025-03-26 02:25:22,781 basehttp "GET / HTTP/1.1" 302 0
INFO 2025-03-26 02:25:22,813 basehttp "GET /redirect/ HTTP/1.1" 302 0
INFO 2025-03-26 02:25:22,846 basehttp "GET /lab-assistant-portal/ HTTP/1.1" 302 0
INFO 2025-03-26 02:25:22,875 basehttp "GET / HTTP/1.1" 302 0
INFO 2025-03-26 02:25:22,906 basehttp "GET /redirect/ HTTP/1.1" 302 0
INFO 2025-03-26 02:25:22,939 basehttp "GET /lab-assistant-portal/ HTTP/1.1" 302 0
INFO 2025-03-26 02:25:22,969 basehttp "GET / HTTP/1.1" 302 0
INFO 2025-03-26 02:25:22,999 basehttp "GET /redirect/ HTTP/1.1" 302 0
INFO 2025-03-26 02:25:23,032 basehttp "GET /lab-assistant-portal/ HTTP/1.1" 302 0
INFO 2025-03-26 02:25:23,062 basehttp "GET / HTTP/1.1" 302 0
INFO 2025-03-26 02:25:23,977 basehttp "GET / HTTP/1.1" 302 0
INFO 2025-03-26 02:25:24,011 basehttp "GET /redirect/ HTTP/1.1" 302 0
INFO 2025-03-26 02:25:24,047 basehttp "GET /lab-assistant-portal/ HTTP/1.1" 302 0
INFO 2025-03-26 02:25:24,079 basehttp "GET / HTTP/1.1" 302 0
INFO 2025-03-26 02:25:24,117 basehttp - Broken pipe from ('127.0.0.1', 53873)
INFO 2025-03-26 02:25:24,141 basehttp "GET / HTTP/1.1" 302 0
INFO 2025-03-26 02:25:24,185 basehttp "GET /redirect/ HTTP/1.1" 302 0
INFO 2025-03-26 02:25:24,310 basehttp "GET / HTTP/1.1" 302 0
INFO 2025-03-26 02:25:24,340 basehttp - Broken pipe from ('127.0.0.1', 53874)
INFO 2025-03-26 02:25:24,344 basehttp "GET /redirect/ HTTP/1.1" 302 0
INFO 2025-03-26 02:25:24,381 basehttp "GET /lab-assistant-portal/ HTTP/1.1" 302 0
INFO 2025-03-26 02:25:24,415 basehttp "GET / HTTP/1.1" 302 0
INFO 2025-03-26 02:25:24,453 basehttp - Broken pipe from ('127.0.0.1', 53945)
INFO 2025-03-26 02:25:24,463 basehttp "GET / HTTP/1.1" 302 0
INFO 2025-03-26 02:25:24,605 basehttp - Broken pipe from ('127.0.0.1', 53949)
INFO 2025-03-26 02:25:24,613 basehttp "GET / HTTP/1.1" 302 0
INFO 2025-03-26 02:25:24,650 basehttp "GET /redirect/ HTTP/1.1" 302 0
INFO 2025-03-26 02:25:24,687 basehttp "GET /lab-assistant-portal/ HTTP/1.1" 302 0
INFO 2025-03-26 02:25:24,717 basehttp "GET / HTTP/1.1" 302 0
INFO 2025-03-26 02:25:24,750 basehttp "GET /redirect/ HTTP/1.1" 302 0
INFO 2025-03-26 02:25:24,784 basehttp "GET /lab-assistant-portal/ HTTP/1.1" 302 0
INFO 2025-03-26 02:25:24,820 basehttp "GET / HTTP/1.1" 302 0
INFO 2025-03-26 02:25:24,853 basehttp "GET /redirect/ HTTP/1.1" 302 0
INFO 2025-03-26 02:25:24,887 basehttp "GET /lab-assistant-portal/ HTTP/1.1" 302 0
INFO 2025-03-26 02:25:24,923 basehttp - Broken pipe from ('127.0.0.1', 53954)
INFO 2025-03-26 02:25:25,039 basehttp "GET / HTTP/1.1" 302 0
INFO 2025-03-26 02:25:25,077 basehttp - Broken pipe from ('127.0.0.1', 53958)
INFO 2025-03-26 02:25:25,090 basehttp "GET / HTTP/1.1" 302 0
INFO 2025-03-26 02:25:25,124 basehttp "GET /redirect/ HTTP/1.1" 302 0
INFO 2025-03-26 02:25:25,161 basehttp "GET /lab-assistant-portal/ HTTP/1.1" 302 0
INFO 2025-03-26 02:25:25,197 basehttp "GET / HTTP/1.1" 302 0
INFO 2025-03-26 02:25:25,234 basehttp - Broken pipe from ('127.0.0.1', 53969)
INFO 2025-03-26 02:25:25,248 basehttp "GET / HTTP/1.1" 302 0
INFO 2025-03-26 02:25:25,284 basehttp "GET /redirect/ HTTP/1.1" 302 0
INFO 2025-03-26 02:25:25,326 basehttp "GET /lab-assistant-portal/ HTTP/1.1" 302 0
INFO 2025-03-26 02:25:25,358 basehttp - Broken pipe from ('127.0.0.1', 53972)
INFO 2025-03-26 02:25:25,392 basehttp "GET / HTTP/1.1" 302 0
INFO 2025-03-26 02:25:25,430 basehttp "GET /redirect/ HTTP/1.1" 302 0
INFO 2025-03-26 02:25:25,468 basehttp "GET /lab-assistant-portal/ HTTP/1.1" 302 0
INFO 2025-03-26 02:25:25,504 basehttp "GET / HTTP/1.1" 302 0
INFO 2025-03-26 02:25:25,543 basehttp - Broken pipe from ('127.0.0.1', 53978)
INFO 2025-03-26 02:25:25,568 basehttp "GET / HTTP/1.1" 302 0
INFO 2025-03-26 02:25:25,706 basehttp "GET /redirect/ HTTP/1.1" 302 0
INFO 2025-03-26 02:25:25,744 basehttp "GET /lab-assistant-portal/ HTTP/1.1" 302 0
INFO 2025-03-26 02:25:25,890 basehttp "GET / HTTP/1.1" 302 0
INFO 2025-03-26 02:25:25,928 basehttp "GET /redirect/ HTTP/1.1" 302 0
INFO 2025-03-26 02:25:25,964 basehttp "GET /lab-assistant-portal/ HTTP/1.1" 302 0
INFO 2025-03-26 02:25:26,005 basehttp "GET / HTTP/1.1" 302 0
INFO 2025-03-26 02:25:26,038 basehttp "GET /redirect/ HTTP/1.1" 302 0
INFO 2025-03-26 02:25:26,072 basehttp "GET /lab-assistant-portal/ HTTP/1.1" 302 0
INFO 2025-03-26 02:25:26,103 basehttp "GET / HTTP/1.1" 302 0
INFO 2025-03-26 02:25:26,135 basehttp "GET /redirect/ HTTP/1.1" 302 0
INFO 2025-03-26 02:25:26,171 basehttp "GET /lab-assistant-portal/ HTTP/1.1" 302 0
INFO 2025-03-26 02:25:26,204 basehttp "GET / HTTP/1.1" 302 0
INFO 2025-03-26 02:25:26,240 basehttp "GET /redirect/ HTTP/1.1" 302 0
INFO 2025-03-26 02:25:26,274 basehttp "GET /lab-assistant-portal/ HTTP/1.1" 302 0
INFO 2025-03-26 02:25:26,305 basehttp "GET / HTTP/1.1" 302 0
INFO 2025-03-26 02:25:26,338 basehttp "GET /redirect/ HTTP/1.1" 302 0
INFO 2025-03-26 02:25:26,372 basehttp "GET /lab-assistant-portal/ HTTP/1.1" 302 0
INFO 2025-03-26 02:25:26,409 basehttp "GET / HTTP/1.1" 302 0
INFO 2025-03-26 02:25:26,442 basehttp "GET /redirect/ HTTP/1.1" 302 0
INFO 2025-03-26 02:25:31,519 basehttp "GET /redirect/ HTTP/1.1" 302 0
INFO 2025-03-26 02:25:31,558 basehttp "GET /lab-assistant-portal/ HTTP/1.1" 302 0
INFO 2025-03-26 02:25:31,589 basehttp "GET / HTTP/1.1" 302 0
INFO 2025-03-26 02:25:31,625 basehttp "GET /redirect/ HTTP/1.1" 302 0
INFO 2025-03-26 02:25:31,665 basehttp "GET /lab-assistant-portal/ HTTP/1.1" 302 0
INFO 2025-03-26 02:25:31,693 basehttp "GET / HTTP/1.1" 302 0
INFO 2025-03-26 02:25:31,833 basehttp "GET /redirect/ HTTP/1.1" 302 0
INFO 2025-03-26 02:25:31,871 basehttp "GET /lab-assistant-portal/ HTTP/1.1" 302 0
INFO 2025-03-26 02:25:31,902 basehttp "GET / HTTP/1.1" 302 0
INFO 2025-03-26 02:25:31,932 basehttp "GET /redirect/ HTTP/1.1" 302 0
INFO 2025-03-26 02:25:31,965 basehttp "GET /lab-assistant-portal/ HTTP/1.1" 302 0
INFO 2025-03-26 02:25:31,996 basehttp "GET / HTTP/1.1" 302 0
INFO 2025-03-26 02:25:32,028 basehttp "GET /redirect/ HTTP/1.1" 302 0
INFO 2025-03-26 02:25:32,063 basehttp "GET /lab-assistant-portal/ HTTP/1.1" 302 0
INFO 2025-03-26 02:25:32,096 basehttp "GET / HTTP/1.1" 302 0
INFO 2025-03-26 02:25:32,239 basehttp "GET /redirect/ HTTP/1.1" 302 0
INFO 2025-03-26 02:25:32,275 basehttp "GET /lab-assistant-portal/ HTTP/1.1" 302 0
INFO 2025-03-26 02:25:32,308 basehttp "GET / HTTP/1.1" 302 0
INFO 2025-03-26 02:25:32,342 basehttp "GET /redirect/ HTTP/1.1" 302 0
INFO 2025-03-26 02:25:32,376 basehttp "GET /lab-assistant-portal/ HTTP/1.1" 302 0
INFO 2025-03-26 02:28:49,626 basehttp "GET /lab-assistant-portal/ HTTP/1.1" 302 0
INFO 2025-03-26 02:28:49,723 basehttp "GET /login/?next=/lab-assistant-portal/ HTTP/1.1" 200 6321
INFO 2025-03-26 02:28:49,947 basehttp "GET /login/?next=/lab-assistant-portal/ HTTP/1.1" 200 6321
INFO 2025-03-26 02:28:50,126 basehttp "GET /login/?next=/lab-assistant-portal/ HTTP/1.1" 200 6321
INFO 2025-03-26 02:29:00,545 basehttp "POST /login/ HTTP/1.1" 302 0
INFO 2025-03-26 02:29:00,587 basehttp "GET /redirect/ HTTP/1.1" 302 0
INFO 2025-03-26 02:29:00,636 basehttp "GET /admin-portal/ HTTP/1.1" 302 0
INFO 2025-03-26 02:29:00,721 basehttp "GET /admin-portal/dashboard/ HTTP/1.1" 200 28656
INFO 2025-03-26 02:29:04,034 basehttp "GET /logout/ HTTP/1.1" 302 0
INFO 2025-03-26 02:29:04,037 basehttp "GET /login/ HTTP/1.1" 200 6726
INFO 2025-03-26 02:29:09,278 basehttp "POST /login/ HTTP/1.1" 302 0
INFO 2025-03-26 02:29:09,316 basehttp "GET /redirect/ HTTP/1.1" 302 0
INFO 2025-03-26 02:29:09,434 basehttp "GET /student-portal/ HTTP/1.1" 200 28732
WARNING 2025-03-26 02:29:09,522 basehttp "GET /static/img/student_avatar.png HTTP/1.1" 404 1825
INFO 2025-03-26 02:29:12,627 basehttp "GET /logout/ HTTP/1.1" 302 0
INFO 2025-03-26 02:29:12,630 basehttp "GET /login/ HTTP/1.1" 200 6726
INFO 2025-03-26 02:29:18,982 basehttp "POST /login/ HTTP/1.1" 302 0
INFO 2025-03-26 02:29:19,020 basehttp "GET /redirect/ HTTP/1.1" 302 0
INFO 2025-03-26 02:29:19,062 basehttp "GET /hod-portal/ HTTP/1.1" 200 8128
INFO 2025-03-26 02:29:21,297 basehttp "GET /logout/ HTTP/1.1" 302 0
INFO 2025-03-26 02:29:21,301 basehttp "GET /login/ HTTP/1.1" 200 6726
INFO 2025-03-26 02:29:26,861 basehttp "POST /login/ HTTP/1.1" 302 0
INFO 2025-03-26 02:29:26,894 basehttp "GET /redirect/ HTTP/1.1" 302 0
INFO 2025-03-26 02:29:26,934 basehttp "GET /faculty-portal/ HTTP/1.1" 200 11971
INFO 2025-03-26 02:29:31,142 basehttp "GET /logout/ HTTP/1.1" 302 0
INFO 2025-03-26 02:29:31,145 basehttp "GET /login/ HTTP/1.1" 200 6726
INFO 2025-03-26 02:29:38,987 basehttp "POST /login/ HTTP/1.1" 302 0
INFO 2025-03-26 02:29:39,021 basehttp "GET /redirect/ HTTP/1.1" 302 0
INFO 2025-03-26 02:29:39,055 basehttp "GET /lab-assistant-portal/ HTTP/1.1" 302 0
INFO 2025-03-26 02:29:39,089 basehttp "GET / HTTP/1.1" 302 0
INFO 2025-03-26 02:29:39,126 basehttp "GET /redirect/ HTTP/1.1" 302 0
INFO 2025-03-26 02:29:39,178 basehttp "GET /lab-assistant-portal/ HTTP/1.1" 302 0
INFO 2025-03-26 02:29:39,209 basehttp "GET / HTTP/1.1" 302 0
INFO 2025-03-26 02:29:39,347 basehttp "GET /redirect/ HTTP/1.1" 302 0
INFO 2025-03-26 02:29:39,380 basehttp "GET /lab-assistant-portal/ HTTP/1.1" 302 0
INFO 2025-03-26 02:29:39,411 basehttp "GET / HTTP/1.1" 302 0
INFO 2025-03-26 02:29:39,441 basehttp "GET /redirect/ HTTP/1.1" 302 0
INFO 2025-03-26 02:29:39,474 basehttp "GET /lab-assistant-portal/ HTTP/1.1" 302 0
INFO 2025-03-26 02:29:39,505 basehttp "GET / HTTP/1.1" 302 0
INFO 2025-03-26 02:29:39,536 basehttp "GET /redirect/ HTTP/1.1" 302 0
INFO 2025-03-26 02:29:39,569 basehttp "GET /lab-assistant-portal/ HTTP/1.1" 302 0
INFO 2025-03-26 02:29:39,599 basehttp "GET / HTTP/1.1" 302 0
INFO 2025-03-26 02:29:39,631 basehttp "GET /redirect/ HTTP/1.1" 302 0
INFO 2025-03-26 02:29:39,665 basehttp "GET /lab-assistant-portal/ HTTP/1.1" 302 0
INFO 2025-03-26 02:29:39,695 basehttp "GET / HTTP/1.1" 302 0
INFO 2025-03-26 02:29:39,726 basehttp "GET /redirect/ HTTP/1.1" 302 0
INFO 2025-03-26 02:29:40,789 basehttp "GET /redirect/ HTTP/1.1" 302 0
INFO 2025-03-26 02:29:40,822 basehttp "GET /lab-assistant-portal/ HTTP/1.1" 302 0
INFO 2025-03-26 02:29:40,854 basehttp "GET / HTTP/1.1" 302 0
INFO 2025-03-26 02:29:40,886 basehttp "GET /redirect/ HTTP/1.1" 302 0
INFO 2025-03-26 02:29:40,919 basehttp "GET /lab-assistant-portal/ HTTP/1.1" 302 0
INFO 2025-03-26 02:29:40,952 basehttp "GET / HTTP/1.1" 302 0
INFO 2025-03-26 02:29:40,984 basehttp "GET /redirect/ HTTP/1.1" 302 0
INFO 2025-03-26 02:29:41,016 basehttp "GET /lab-assistant-portal/ HTTP/1.1" 302 0
INFO 2025-03-26 02:29:41,046 basehttp "GET / HTTP/1.1" 302 0
INFO 2025-03-26 02:29:41,077 basehttp "GET /redirect/ HTTP/1.1" 302 0
INFO 2025-03-26 02:29:41,108 basehttp "GET /lab-assistant-portal/ HTTP/1.1" 302 0
INFO 2025-03-26 02:29:41,138 basehttp "GET / HTTP/1.1" 302 0
INFO 2025-03-26 02:29:41,169 basehttp "GET /redirect/ HTTP/1.1" 302 0
INFO 2025-03-26 02:29:41,203 basehttp "GET /lab-assistant-portal/ HTTP/1.1" 302 0
INFO 2025-03-26 02:29:41,235 basehttp "GET / HTTP/1.1" 302 0
INFO 2025-03-26 02:29:41,266 basehttp "GET /redirect/ HTTP/1.1" 302 0
INFO 2025-03-26 02:29:41,298 basehttp "GET /lab-assistant-portal/ HTTP/1.1" 302 0
INFO 2025-03-26 02:29:41,329 basehttp "GET / HTTP/1.1" 302 0
INFO 2025-03-26 02:29:41,359 basehttp "GET /redirect/ HTTP/1.1" 302 0
INFO 2025-03-26 02:29:41,392 basehttp "GET /lab-assistant-portal/ HTTP/1.1" 302 0
INFO 2025-03-26 02:29:46,470 basehttp "GET /lab-assistant-portal/ HTTP/1.1" 302 0
INFO 2025-03-26 02:29:46,504 basehttp "GET / HTTP/1.1" 302 0
INFO 2025-03-26 02:29:46,537 basehttp "GET /redirect/ HTTP/1.1" 302 0
INFO 2025-03-26 02:29:46,572 basehttp "GET /lab-assistant-portal/ HTTP/1.1" 302 0
INFO 2025-03-26 02:29:46,603 basehttp "GET / HTTP/1.1" 302 0
INFO 2025-03-26 02:29:46,634 basehttp "GET /redirect/ HTTP/1.1" 302 0
INFO 2025-03-26 02:29:46,668 basehttp "GET /lab-assistant-portal/ HTTP/1.1" 302 0
INFO 2025-03-26 02:29:46,700 basehttp "GET / HTTP/1.1" 302 0
INFO 2025-03-26 02:29:46,730 basehttp "GET /redirect/ HTTP/1.1" 302 0
INFO 2025-03-26 02:29:46,762 basehttp "GET /lab-assistant-portal/ HTTP/1.1" 302 0
INFO 2025-03-26 02:29:46,800 basehttp "GET / HTTP/1.1" 302 0
INFO 2025-03-26 02:29:46,833 basehttp "GET /redirect/ HTTP/1.1" 302 0
INFO 2025-03-26 02:29:46,866 basehttp "GET /lab-assistant-portal/ HTTP/1.1" 302 0
INFO 2025-03-26 02:29:46,896 basehttp "GET / HTTP/1.1" 302 0
INFO 2025-03-26 02:29:46,929 basehttp "GET /redirect/ HTTP/1.1" 302 0
INFO 2025-03-26 02:29:46,966 basehttp "GET /lab-assistant-portal/ HTTP/1.1" 302 0
INFO 2025-03-26 02:29:47,003 basehttp "GET / HTTP/1.1" 302 0
INFO 2025-03-26 02:29:47,036 basehttp "GET /redirect/ HTTP/1.1" 302 0
INFO 2025-03-26 02:29:47,069 basehttp "GET /lab-assistant-portal/ HTTP/1.1" 302 0
INFO 2025-03-26 02:29:47,099 basehttp "GET / HTTP/1.1" 302 0
INFO 2025-03-26 02:30:00,472 basehttp "GET /lab-assistant-portal/low-attendance/ HTTP/1.1" 302 0
INFO 2025-03-26 02:30:00,508 basehttp "GET / HTTP/1.1" 302 0
INFO 2025-03-26 02:30:00,543 basehttp "GET /redirect/ HTTP/1.1" 302 0
INFO 2025-03-26 02:30:00,586 basehttp "GET /lab-assistant-portal/ HTTP/1.1" 302 0
INFO 2025-03-26 02:30:00,619 basehttp "GET / HTTP/1.1" 302 0
INFO 2025-03-26 02:30:00,653 basehttp "GET /redirect/ HTTP/1.1" 302 0
INFO 2025-03-26 02:30:00,695 basehttp "GET /lab-assistant-portal/ HTTP/1.1" 302 0
INFO 2025-03-26 02:30:00,730 basehttp "GET / HTTP/1.1" 302 0
INFO 2025-03-26 02:30:00,771 basehttp "GET /redirect/ HTTP/1.1" 302 0
INFO 2025-03-26 02:30:00,806 basehttp "GET /lab-assistant-portal/ HTTP/1.1" 302 0
INFO 2025-03-26 02:30:00,837 basehttp "GET / HTTP/1.1" 302 0
INFO 2025-03-26 02:30:00,871 basehttp "GET /redirect/ HTTP/1.1" 302 0
INFO 2025-03-26 02:30:00,907 basehttp "GET /lab-assistant-portal/ HTTP/1.1" 302 0
INFO 2025-03-26 02:30:01,047 basehttp "GET / HTTP/1.1" 302 0
INFO 2025-03-26 02:30:01,083 basehttp "GET /redirect/ HTTP/1.1" 302 0
INFO 2025-03-26 02:30:01,117 basehttp "GET /lab-assistant-portal/ HTTP/1.1" 302 0
INFO 2025-03-26 02:30:01,150 basehttp "GET / HTTP/1.1" 302 0
INFO 2025-03-26 02:30:01,182 basehttp "GET /redirect/ HTTP/1.1" 302 0
INFO 2025-03-26 02:30:01,228 basehttp "GET /lab-assistant-portal/ HTTP/1.1" 302 0
INFO 2025-03-26 02:30:01,258 basehttp "GET / HTTP/1.1" 302 0
INFO 2025-03-26 02:30:02,322 basehttp "GET / HTTP/1.1" 302 0
INFO 2025-03-26 02:30:02,355 basehttp "GET /redirect/ HTTP/1.1" 302 0
INFO 2025-03-26 02:30:02,394 basehttp "GET /lab-assistant-portal/ HTTP/1.1" 302 0
INFO 2025-03-26 02:30:02,432 basehttp "GET / HTTP/1.1" 302 0
INFO 2025-03-26 02:30:02,475 basehttp "GET /redirect/ HTTP/1.1" 302 0
INFO 2025-03-26 02:30:02,508 basehttp "GET /lab-assistant-portal/ HTTP/1.1" 302 0
INFO 2025-03-26 02:30:02,545 basehttp "GET / HTTP/1.1" 302 0
INFO 2025-03-26 02:30:02,584 basehttp "GET /redirect/ HTTP/1.1" 302 0
INFO 2025-03-26 02:30:02,624 basehttp - Broken pipe from ('127.0.0.1', 54041)
INFO 2025-03-26 02:36:29,330 autoreload D:\aaaaaaattend\attendance_system\lab_assistant_portal\views.py changed, reloading.
INFO 2025-03-26 02:36:29,778 autoreload Watching for file changes with StatReloader
INFO 2025-03-26 02:37:03,695 autoreload D:\aaaaaaattend\attendance_system\lab_assistant_portal\views.py changed, reloading.
INFO 2025-03-26 02:37:04,116 autoreload Watching for file changes with StatReloader
INFO 2025-03-26 02:37:08,753 basehttp "GET / HTTP/1.1" 302 0
INFO 2025-03-26 02:37:08,792 basehttp "GET /redirect/ HTTP/1.1" 302 0
INFO 2025-03-26 02:37:08,834 basehttp "GET /lab-assistant-portal/ HTTP/1.1" 302 0
INFO 2025-03-26 02:37:08,865 basehttp "GET / HTTP/1.1" 302 0
INFO 2025-03-26 02:37:08,999 basehttp "GET /redirect/ HTTP/1.1" 302 0
INFO 2025-03-26 02:37:09,032 basehttp "GET /lab-assistant-portal/ HTTP/1.1" 302 0
INFO 2025-03-26 02:37:09,064 basehttp "GET / HTTP/1.1" 302 0
INFO 2025-03-26 02:37:09,097 basehttp "GET /redirect/ HTTP/1.1" 302 0
INFO 2025-03-26 02:37:09,129 basehttp "GET /lab-assistant-portal/ HTTP/1.1" 302 0
INFO 2025-03-26 02:37:09,161 basehttp "GET / HTTP/1.1" 302 0
INFO 2025-03-26 02:37:09,193 basehttp "GET /redirect/ HTTP/1.1" 302 0
INFO 2025-03-26 02:37:09,227 basehttp "GET /lab-assistant-portal/ HTTP/1.1" 302 0
INFO 2025-03-26 02:37:09,259 basehttp "GET / HTTP/1.1" 302 0
INFO 2025-03-26 02:37:09,296 basehttp "GET /redirect/ HTTP/1.1" 302 0
INFO 2025-03-26 02:37:09,333 basehttp - Broken pipe from ('127.0.0.1', 54456)
INFO 2025-03-26 02:37:18,972 basehttp "GET / HTTP/1.1" 200 6321
INFO 2025-03-26 02:37:19,122 basehttp "GET / HTTP/1.1" 200 6321
INFO 2025-03-26 02:37:19,301 basehttp "GET / HTTP/1.1" 200 6321
INFO 2025-03-26 02:38:30,724 basehttp "POST /login/ HTTP/1.1" 302 0
INFO 2025-03-26 02:38:30,761 basehttp "GET /redirect/ HTTP/1.1" 302 0
INFO 2025-03-26 02:38:30,798 basehttp "GET /lab-assistant-portal/ HTTP/1.1" 302 0
INFO 2025-03-26 02:38:30,837 basehttp "GET / HTTP/1.1" 302 0
INFO 2025-03-26 02:38:30,871 basehttp "GET /redirect/ HTTP/1.1" 302 0
INFO 2025-03-26 02:38:30,905 basehttp "GET /lab-assistant-portal/ HTTP/1.1" 302 0
INFO 2025-03-26 02:38:30,937 basehttp "GET / HTTP/1.1" 302 0
INFO 2025-03-26 02:38:30,968 basehttp "GET /redirect/ HTTP/1.1" 302 0
INFO 2025-03-26 02:38:31,002 basehttp "GET /lab-assistant-portal/ HTTP/1.1" 302 0
INFO 2025-03-26 02:38:31,040 basehttp "GET / HTTP/1.1" 302 0
INFO 2025-03-26 02:38:31,071 basehttp "GET /redirect/ HTTP/1.1" 302 0
INFO 2025-03-26 02:38:31,106 basehttp "GET /lab-assistant-portal/ HTTP/1.1" 302 0
INFO 2025-03-26 02:38:31,137 basehttp "GET / HTTP/1.1" 302 0
INFO 2025-03-26 02:38:31,169 basehttp "GET /redirect/ HTTP/1.1" 302 0
INFO 2025-03-26 02:38:31,205 basehttp "GET /lab-assistant-portal/ HTTP/1.1" 302 0
INFO 2025-03-26 02:38:31,243 basehttp "GET / HTTP/1.1" 302 0
INFO 2025-03-26 02:38:31,276 basehttp "GET /redirect/ HTTP/1.1" 302 0
INFO 2025-03-26 02:38:31,311 basehttp "GET /lab-assistant-portal/ HTTP/1.1" 302 0
INFO 2025-03-26 02:38:31,342 basehttp "GET / HTTP/1.1" 302 0
INFO 2025-03-26 02:38:31,385 basehttp "GET /redirect/ HTTP/1.1" 302 0
INFO 2025-03-26 02:38:32,458 basehttp "GET /redirect/ HTTP/1.1" 302 0
INFO 2025-03-26 02:38:32,493 basehttp "GET /lab-assistant-portal/ HTTP/1.1" 302 0
INFO 2025-03-26 02:38:32,531 basehttp "GET / HTTP/1.1" 302 0
INFO 2025-03-26 02:38:32,677 basehttp "GET /redirect/ HTTP/1.1" 302 0
INFO 2025-03-26 02:38:32,712 basehttp "GET /lab-assistant-portal/ HTTP/1.1" 302 0
INFO 2025-03-26 02:38:32,743 basehttp "GET / HTTP/1.1" 302 0
INFO 2025-03-26 02:38:32,775 basehttp "GET /redirect/ HTTP/1.1" 302 0
INFO 2025-03-26 02:38:32,911 basehttp "GET /lab-assistant-portal/ HTTP/1.1" 302 0
INFO 2025-03-26 02:38:32,946 basehttp "GET / HTTP/1.1" 302 0
INFO 2025-03-26 02:38:32,978 basehttp "GET /redirect/ HTTP/1.1" 302 0
INFO 2025-03-26 02:38:33,013 basehttp "GET /lab-assistant-portal/ HTTP/1.1" 302 0
INFO 2025-03-26 02:38:33,046 basehttp "GET / HTTP/1.1" 302 0
INFO 2025-03-26 02:38:33,077 basehttp "GET /redirect/ HTTP/1.1" 302 0
INFO 2025-03-26 02:38:33,111 basehttp "GET /lab-assistant-portal/ HTTP/1.1" 302 0
INFO 2025-03-26 02:38:33,149 basehttp "GET / HTTP/1.1" 302 0
INFO 2025-03-26 02:38:33,182 basehttp "GET /redirect/ HTTP/1.1" 302 0
INFO 2025-03-26 02:38:33,214 basehttp "GET /lab-assistant-portal/ HTTP/1.1" 302 0
INFO 2025-03-26 02:38:33,244 basehttp "GET / HTTP/1.1" 302 0
INFO 2025-03-26 02:38:33,275 basehttp "GET /redirect/ HTTP/1.1" 302 0
INFO 2025-03-26 02:38:33,308 basehttp "GET /lab-assistant-portal/ HTTP/1.1" 302 0
INFO 2025-03-26 02:38:38,384 basehttp "GET /lab-assistant-portal/ HTTP/1.1" 302 0
INFO 2025-03-26 02:38:38,421 basehttp "GET / HTTP/1.1" 302 0
INFO 2025-03-26 02:38:38,453 basehttp "GET /redirect/ HTTP/1.1" 302 0
INFO 2025-03-26 02:38:38,487 basehttp "GET /lab-assistant-portal/ HTTP/1.1" 302 0
INFO 2025-03-26 02:38:38,518 basehttp "GET / HTTP/1.1" 302 0
INFO 2025-03-26 02:38:38,551 basehttp "GET /redirect/ HTTP/1.1" 302 0
INFO 2025-03-26 02:38:38,584 basehttp "GET /lab-assistant-portal/ HTTP/1.1" 302 0
INFO 2025-03-26 02:38:38,619 basehttp "GET / HTTP/1.1" 302 0
INFO 2025-03-26 02:38:38,655 basehttp "GET /redirect/ HTTP/1.1" 302 0
INFO 2025-03-26 02:38:38,691 basehttp "GET /lab-assistant-portal/ HTTP/1.1" 302 0
INFO 2025-03-26 02:38:38,723 basehttp "GET / HTTP/1.1" 302 0
INFO 2025-03-26 02:38:38,755 basehttp "GET /redirect/ HTTP/1.1" 302 0
INFO 2025-03-26 02:38:38,787 basehttp "GET /lab-assistant-portal/ HTTP/1.1" 302 0
INFO 2025-03-26 02:38:38,825 basehttp "GET / HTTP/1.1" 302 0
INFO 2025-03-26 02:38:38,858 basehttp "GET /redirect/ HTTP/1.1" 302 0
INFO 2025-03-26 02:38:38,892 basehttp "GET /lab-assistant-portal/ HTTP/1.1" 302 0
INFO 2025-03-26 02:38:38,924 basehttp "GET / HTTP/1.1" 302 0
INFO 2025-03-26 02:38:39,058 basehttp "GET /redirect/ HTTP/1.1" 302 0
INFO 2025-03-26 02:38:39,092 basehttp "GET /lab-assistant-portal/ HTTP/1.1" 302 0
INFO 2025-03-26 02:38:39,123 basehttp "GET / HTTP/1.1" 302 0
INFO 2025-03-26 02:38:51,321 basehttp "GET /redirect/ HTTP/1.1" 302 0
INFO 2025-03-26 02:38:51,357 basehttp "GET /lab-assistant-portal/ HTTP/1.1" 302 0
INFO 2025-03-26 02:38:51,393 basehttp "GET / HTTP/1.1" 302 0
INFO 2025-03-26 02:38:51,429 basehttp "GET /redirect/ HTTP/1.1" 302 0
INFO 2025-03-26 02:38:51,468 basehttp "GET /lab-assistant-portal/ HTTP/1.1" 302 0
INFO 2025-03-26 02:38:51,501 basehttp "GET / HTTP/1.1" 302 0
INFO 2025-03-26 02:38:51,537 basehttp "GET /redirect/ HTTP/1.1" 302 0
INFO 2025-03-26 02:38:51,575 basehttp "GET /lab-assistant-portal/ HTTP/1.1" 302 0
INFO 2025-03-26 02:38:51,605 basehttp "GET / HTTP/1.1" 302 0
INFO 2025-03-26 02:38:51,644 basehttp "GET /redirect/ HTTP/1.1" 302 0
INFO 2025-03-26 02:38:51,680 basehttp "GET /lab-assistant-portal/ HTTP/1.1" 302 0
INFO 2025-03-26 02:38:51,713 basehttp "GET / HTTP/1.1" 302 0
INFO 2025-03-26 02:38:51,746 basehttp "GET /redirect/ HTTP/1.1" 302 0
INFO 2025-03-26 02:38:51,781 basehttp "GET /lab-assistant-portal/ HTTP/1.1" 302 0
INFO 2025-03-26 02:38:51,813 basehttp "GET / HTTP/1.1" 302 0
INFO 2025-03-26 02:38:51,849 basehttp "GET /redirect/ HTTP/1.1" 302 0
INFO 2025-03-26 02:38:51,885 basehttp "GET /lab-assistant-portal/ HTTP/1.1" 302 0
INFO 2025-03-26 02:38:51,917 basehttp "GET / HTTP/1.1" 302 0
INFO 2025-03-26 02:38:51,955 basehttp "GET /redirect/ HTTP/1.1" 302 0
INFO 2025-03-26 02:38:53,024 basehttp "GET /redirect/ HTTP/1.1" 302 0
INFO 2025-03-26 02:38:53,060 basehttp "GET /lab-assistant-portal/ HTTP/1.1" 302 0
INFO 2025-03-26 02:38:53,095 basehttp "GET / HTTP/1.1" 302 0
INFO 2025-03-26 02:38:53,128 basehttp "GET /redirect/ HTTP/1.1" 302 0
INFO 2025-03-26 02:38:53,161 basehttp "GET /lab-assistant-portal/ HTTP/1.1" 302 0
INFO 2025-03-26 02:38:53,192 basehttp "GET / HTTP/1.1" 302 0
INFO 2025-03-26 02:38:53,223 basehttp "GET /redirect/ HTTP/1.1" 302 0
INFO 2025-03-26 02:38:53,256 basehttp "GET /lab-assistant-portal/ HTTP/1.1" 302 0
INFO 2025-03-26 02:38:53,287 basehttp "GET / HTTP/1.1" 302 0
INFO 2025-03-26 02:38:53,318 basehttp "GET /redirect/ HTTP/1.1" 302 0
INFO 2025-03-26 02:38:53,352 basehttp "GET /lab-assistant-portal/ HTTP/1.1" 302 0
INFO 2025-03-26 02:38:53,381 basehttp "GET / HTTP/1.1" 302 0
INFO 2025-03-26 02:38:53,415 basehttp "GET /redirect/ HTTP/1.1" 302 0
INFO 2025-03-26 02:38:53,447 basehttp "GET /lab-assistant-portal/ HTTP/1.1" 302 0
INFO 2025-03-26 02:38:53,478 basehttp "GET / HTTP/1.1" 302 0
INFO 2025-03-26 02:38:53,507 basehttp "GET /redirect/ HTTP/1.1" 302 0
INFO 2025-03-26 02:38:53,642 basehttp "GET /lab-assistant-portal/ HTTP/1.1" 302 0
INFO 2025-03-26 02:38:53,674 basehttp "GET / HTTP/1.1" 302 0
INFO 2025-03-26 02:38:53,707 basehttp "GET /redirect/ HTTP/1.1" 302 0
INFO 2025-03-26 02:38:53,740 basehttp "GET /lab-assistant-portal/ HTTP/1.1" 302 0
INFO 2025-03-26 02:38:58,769 basehttp "GET /lab-assistant-portal/ HTTP/1.1" 302 0
INFO 2025-03-26 02:38:58,773 basehttp "GET /login/?next=/lab-assistant-portal/ HTTP/1.1" 200 6321
WARNING 2025-03-26 02:39:08,602 log Forbidden (CSRF cookie not set.): /login/
WARNING 2025-03-26 02:39:08,602 basehttp "POST /login/ HTTP/1.1" 403 2870
WARNING 2025-03-26 02:42:07,889 log Forbidden (CSRF cookie not set.): /login/
WARNING 2025-03-26 02:42:07,891 basehttp "POST /login/ HTTP/1.1" 403 2870
WARNING 2025-03-26 02:42:07,951 log Not Found: /favicon.ico
WARNING 2025-03-26 02:42:07,952 basehttp "GET /favicon.ico HTTP/1.1" 404 4091
WARNING 2025-03-26 02:42:10,150 log Forbidden (CSRF cookie not set.): /login/
WARNING 2025-03-26 02:42:10,151 basehttp "POST /login/ HTTP/1.1" 403 2870
WARNING 2025-03-26 02:42:10,164 log Not Found: /favicon.ico
WARNING 2025-03-26 02:42:10,165 basehttp "GET /favicon.ico HTTP/1.1" 404 4091
INFO 2025-03-26 02:43:04,231 basehttp "GET /login/?next=/lab-assistant-portal/ HTTP/1.1" 200 6321
INFO 2025-03-26 02:43:15,471 basehttp "POST /login/ HTTP/1.1" 302 0
INFO 2025-03-26 02:43:15,504 basehttp "GET /redirect/ HTTP/1.1" 302 0
INFO 2025-03-26 02:43:15,540 basehttp "GET /lab-assistant-portal/ HTTP/1.1" 302 0
INFO 2025-03-26 02:43:15,572 basehttp "GET / HTTP/1.1" 302 0
INFO 2025-03-26 02:43:15,605 basehttp "GET /redirect/ HTTP/1.1" 302 0
INFO 2025-03-26 02:43:15,640 basehttp "GET /lab-assistant-portal/ HTTP/1.1" 302 0
INFO 2025-03-26 02:43:15,676 basehttp "GET / HTTP/1.1" 302 0
INFO 2025-03-26 02:43:15,711 basehttp "GET /redirect/ HTTP/1.1" 302 0
INFO 2025-03-26 02:43:15,744 basehttp "GET /lab-assistant-portal/ HTTP/1.1" 302 0
INFO 2025-03-26 02:43:15,775 basehttp "GET / HTTP/1.1" 302 0
INFO 2025-03-26 02:43:15,806 basehttp "GET /redirect/ HTTP/1.1" 302 0
INFO 2025-03-26 02:43:15,837 basehttp "GET /lab-assistant-portal/ HTTP/1.1" 302 0
INFO 2025-03-26 02:43:15,870 basehttp "GET / HTTP/1.1" 302 0
INFO 2025-03-26 02:43:15,902 basehttp "GET /redirect/ HTTP/1.1" 302 0
INFO 2025-03-26 02:43:15,937 basehttp "GET /lab-assistant-portal/ HTTP/1.1" 302 0
INFO 2025-03-26 02:43:15,969 basehttp "GET / HTTP/1.1" 302 0
INFO 2025-03-26 02:43:16,006 basehttp "GET /redirect/ HTTP/1.1" 302 0
INFO 2025-03-26 02:43:16,040 basehttp "GET /lab-assistant-portal/ HTTP/1.1" 302 0
INFO 2025-03-26 02:43:16,071 basehttp "GET / HTTP/1.1" 302 0
INFO 2025-03-26 02:43:16,102 basehttp "GET /redirect/ HTTP/1.1" 302 0
INFO 2025-03-26 02:43:17,188 basehttp "GET /redirect/ HTTP/1.1" 302 0
INFO 2025-03-26 02:43:17,231 basehttp "GET /lab-assistant-portal/ HTTP/1.1" 302 0
INFO 2025-03-26 02:43:17,263 basehttp "GET / HTTP/1.1" 302 0
INFO 2025-03-26 02:43:17,298 basehttp "GET /redirect/ HTTP/1.1" 302 0
INFO 2025-03-26 02:43:17,337 basehttp "GET /lab-assistant-portal/ HTTP/1.1" 302 0
INFO 2025-03-26 02:43:17,367 basehttp "GET / HTTP/1.1" 302 0
INFO 2025-03-26 02:43:17,398 basehttp "GET /redirect/ HTTP/1.1" 302 0
INFO 2025-03-26 02:43:17,432 basehttp "GET /lab-assistant-portal/ HTTP/1.1" 302 0
INFO 2025-03-26 02:43:17,461 basehttp "GET / HTTP/1.1" 302 0
INFO 2025-03-26 02:43:17,495 basehttp "GET /redirect/ HTTP/1.1" 302 0
INFO 2025-03-26 02:43:17,528 basehttp "GET /lab-assistant-portal/ HTTP/1.1" 302 0
INFO 2025-03-26 02:43:17,568 basehttp "GET / HTTP/1.1" 302 0
INFO 2025-03-26 02:43:17,601 basehttp "GET /redirect/ HTTP/1.1" 302 0
INFO 2025-03-26 02:43:17,636 basehttp "GET /lab-assistant-portal/ HTTP/1.1" 302 0
INFO 2025-03-26 02:43:17,668 basehttp "GET / HTTP/1.1" 302 0
INFO 2025-03-26 02:43:17,700 basehttp "GET /redirect/ HTTP/1.1" 302 0
INFO 2025-03-26 02:43:17,745 basehttp "GET /lab-assistant-portal/ HTTP/1.1" 302 0
INFO 2025-03-26 02:43:17,777 basehttp "GET / HTTP/1.1" 302 0
INFO 2025-03-26 02:43:17,808 basehttp "GET /redirect/ HTTP/1.1" 302 0
INFO 2025-03-26 02:43:17,841 basehttp "GET /lab-assistant-portal/ HTTP/1.1" 302 0
WARNING 2025-03-26 02:44:39,532 log Forbidden (CSRF cookie not set.): /login/
WARNING 2025-03-26 02:44:39,533 basehttp "POST /login/ HTTP/1.1" 403 2870
