2025-03-26 02:25:17,922 - INFO - User lab accessed the lab assistant dashboard
2025-03-26 02:25:18,020 - INFO - User lab accessed the lab assistant dashboard
2025-03-26 02:25:18,124 - INFO - User lab accessed the lab assistant dashboard
2025-03-26 02:25:18,223 - INFO - User lab accessed the lab assistant dashboard
2025-03-26 02:25:18,327 - INFO - User lab accessed the lab assistant dashboard
2025-03-26 02:25:18,429 - INFO - User lab accessed the lab assistant dashboard
2025-03-26 02:25:19,604 - INFO - User lab accessed the lab assistant dashboard
2025-03-26 02:25:19,818 - INFO - User lab accessed the lab assistant dashboard
2025-03-26 02:25:19,917 - INFO - User lab accessed the lab assistant dashboard
2025-03-26 02:25:20,128 - INFO - User lab accessed the lab assistant dashboard
2025-03-26 02:25:20,223 - INFO - User lab accessed the lab assistant dashboard
2025-03-26 02:25:20,319 - INFO - User lab accessed the lab assistant dashboard
2025-03-26 02:25:20,416 - INFO - User lab accessed the lab assistant dashboard
2025-03-26 02:25:22,449 - INFO - User lab accessed the lab assistant dashboard
2025-03-26 02:25:22,548 - INFO - User lab accessed the lab assistant dashboard
2025-03-26 02:25:22,646 - INFO - User lab accessed the lab assistant dashboard
2025-03-26 02:25:22,749 - INFO - User lab accessed the lab assistant dashboard
2025-03-26 02:25:22,843 - INFO - User lab accessed the lab assistant dashboard
2025-03-26 02:25:22,937 - INFO - User lab accessed the lab assistant dashboard
2025-03-26 02:25:23,029 - INFO - User lab accessed the lab assistant dashboard
2025-03-26 02:25:24,043 - INFO - User lab accessed the lab assistant dashboard
2025-03-26 02:25:24,335 - INFO - User lab accessed the lab assistant dashboard
2025-03-26 02:25:24,377 - INFO - User lab accessed the lab assistant dashboard
2025-03-26 02:25:24,683 - INFO - User lab accessed the lab assistant dashboard
2025-03-26 02:25:24,780 - INFO - User lab accessed the lab assistant dashboard
2025-03-26 02:25:24,884 - INFO - User lab accessed the lab assistant dashboard
2025-03-26 02:25:25,156 - INFO - User lab accessed the lab assistant dashboard
2025-03-26 02:25:25,320 - INFO - User lab accessed the lab assistant dashboard
2025-03-26 02:25:25,463 - INFO - User lab accessed the lab assistant dashboard
2025-03-26 02:25:25,738 - INFO - User lab accessed the lab assistant dashboard
2025-03-26 02:25:25,960 - INFO - User lab accessed the lab assistant dashboard
2025-03-26 02:25:26,068 - INFO - User lab accessed the lab assistant dashboard
2025-03-26 02:25:26,166 - INFO - User lab accessed the lab assistant dashboard
2025-03-26 02:25:26,270 - INFO - User lab accessed the lab assistant dashboard
2025-03-26 02:25:26,368 - INFO - User lab accessed the lab assistant dashboard
2025-03-26 02:25:31,553 - INFO - User lab accessed the lab assistant dashboard
2025-03-26 02:25:31,661 - INFO - User lab accessed the lab assistant dashboard
2025-03-26 02:25:31,866 - INFO - User lab accessed the lab assistant dashboard
2025-03-26 02:25:31,962 - INFO - User lab accessed the lab assistant dashboard
2025-03-26 02:25:32,058 - INFO - User lab accessed the lab assistant dashboard
2025-03-26 02:25:32,271 - INFO - User lab accessed the lab assistant dashboard
2025-03-26 02:25:32,372 - INFO - User lab accessed the lab assistant dashboard
2025-03-26 02:29:39,052 - INFO - User lab accessed the lab assistant dashboard
2025-03-26 02:29:39,173 - INFO - User lab accessed the lab assistant dashboard
2025-03-26 02:29:39,377 - INFO - User lab accessed the lab assistant dashboard
2025-03-26 02:29:39,471 - INFO - User lab accessed the lab assistant dashboard
2025-03-26 02:29:39,566 - INFO - User lab accessed the lab assistant dashboard
2025-03-26 02:29:39,661 - INFO - User lab accessed the lab assistant dashboard
2025-03-26 02:29:40,819 - INFO - User lab accessed the lab assistant dashboard
2025-03-26 02:29:40,916 - INFO - User lab accessed the lab assistant dashboard
2025-03-26 02:29:41,013 - INFO - User lab accessed the lab assistant dashboard
2025-03-26 02:29:41,105 - INFO - User lab accessed the lab assistant dashboard
2025-03-26 02:29:41,199 - INFO - User lab accessed the lab assistant dashboard
2025-03-26 02:29:41,296 - INFO - User lab accessed the lab assistant dashboard
2025-03-26 02:29:41,390 - INFO - User lab accessed the lab assistant dashboard
2025-03-26 02:29:46,459 - INFO - User lab accessed the lab assistant dashboard
2025-03-26 02:29:46,569 - INFO - User lab accessed the lab assistant dashboard
2025-03-26 02:29:46,665 - INFO - User lab accessed the lab assistant dashboard
2025-03-26 02:29:46,759 - INFO - User lab accessed the lab assistant dashboard
2025-03-26 02:29:46,862 - INFO - User lab accessed the lab assistant dashboard
2025-03-26 02:29:46,962 - INFO - User lab accessed the lab assistant dashboard
2025-03-26 02:29:47,067 - INFO - User lab accessed the lab assistant dashboard
2025-03-26 02:30:00,458 - INFO - User lab accessed low attendance monitoring
2025-03-26 02:30:00,581 - INFO - User lab accessed the lab assistant dashboard
2025-03-26 02:30:00,691 - INFO - User lab accessed the lab assistant dashboard
2025-03-26 02:30:00,802 - INFO - User lab accessed the lab assistant dashboard
2025-03-26 02:30:00,903 - INFO - User lab accessed the lab assistant dashboard
2025-03-26 02:30:01,113 - INFO - User lab accessed the lab assistant dashboard
2025-03-26 02:30:01,223 - INFO - User lab accessed the lab assistant dashboard
2025-03-26 02:30:02,390 - INFO - User lab accessed the lab assistant dashboard
2025-03-26 02:30:02,505 - INFO - User lab accessed the lab assistant dashboard
2025-03-26 02:30:02,620 - INFO - User lab accessed the lab assistant dashboard
2025-03-26 02:37:08,829 - INFO - User lab accessed the lab assistant dashboard
2025-03-26 02:37:09,029 - INFO - User lab accessed the lab assistant dashboard
2025-03-26 02:37:09,126 - INFO - User lab accessed the lab assistant dashboard
2025-03-26 02:37:09,224 - INFO - User lab accessed the lab assistant dashboard
2025-03-26 02:37:09,329 - INFO - User lab accessed the lab assistant dashboard
2025-03-26 02:38:30,793 - INFO - User lab accessed the lab assistant dashboard
2025-03-26 02:38:30,901 - INFO - User lab accessed the lab assistant dashboard
2025-03-26 02:38:30,999 - INFO - User lab accessed the lab assistant dashboard
2025-03-26 02:38:31,103 - INFO - User lab accessed the lab assistant dashboard
2025-03-26 02:38:31,201 - INFO - User lab accessed the lab assistant dashboard
2025-03-26 02:38:31,308 - INFO - User lab accessed the lab assistant dashboard
2025-03-26 02:38:32,490 - INFO - User lab accessed the lab assistant dashboard
2025-03-26 02:38:32,708 - INFO - User lab accessed the lab assistant dashboard
2025-03-26 02:38:32,907 - INFO - User lab accessed the lab assistant dashboard
2025-03-26 02:38:33,009 - INFO - User lab accessed the lab assistant dashboard
2025-03-26 02:38:33,107 - INFO - User lab accessed the lab assistant dashboard
2025-03-26 02:38:33,211 - INFO - User lab accessed the lab assistant dashboard
2025-03-26 02:38:33,304 - INFO - User lab accessed the lab assistant dashboard
2025-03-26 02:38:38,369 - INFO - User lab accessed the lab assistant dashboard
2025-03-26 02:38:38,483 - INFO - User lab accessed the lab assistant dashboard
2025-03-26 02:38:38,581 - INFO - User lab accessed the lab assistant dashboard
2025-03-26 02:38:38,687 - INFO - User lab accessed the lab assistant dashboard
2025-03-26 02:38:38,784 - INFO - User lab accessed the lab assistant dashboard
2025-03-26 02:38:38,888 - INFO - User lab accessed the lab assistant dashboard
2025-03-26 02:38:39,089 - INFO - User lab accessed the lab assistant dashboard
2025-03-26 02:38:51,354 - INFO - User lab accessed the lab assistant dashboard
2025-03-26 02:38:51,464 - INFO - User lab accessed the lab assistant dashboard
2025-03-26 02:38:51,571 - INFO - User lab accessed the lab assistant dashboard
2025-03-26 02:38:51,676 - INFO - User lab accessed the lab assistant dashboard
2025-03-26 02:38:51,778 - INFO - User lab accessed the lab assistant dashboard
2025-03-26 02:38:51,882 - INFO - User lab accessed the lab assistant dashboard
2025-03-26 02:38:53,057 - INFO - User lab accessed the lab assistant dashboard
2025-03-26 02:38:53,157 - INFO - User lab accessed the lab assistant dashboard
2025-03-26 02:38:53,253 - INFO - User lab accessed the lab assistant dashboard
2025-03-26 02:38:53,349 - INFO - User lab accessed the lab assistant dashboard
2025-03-26 02:38:53,444 - INFO - User lab accessed the lab assistant dashboard
2025-03-26 02:38:53,638 - INFO - User lab accessed the lab assistant dashboard
2025-03-26 02:38:53,737 - INFO - User lab accessed the lab assistant dashboard
2025-03-26 02:43:15,536 - INFO - User lab accessed the lab assistant dashboard
2025-03-26 02:43:15,636 - INFO - User lab accessed the lab assistant dashboard
2025-03-26 02:43:15,740 - INFO - User lab accessed the lab assistant dashboard
2025-03-26 02:43:15,834 - INFO - User lab accessed the lab assistant dashboard
2025-03-26 02:43:15,933 - INFO - User lab accessed the lab assistant dashboard
2025-03-26 02:43:16,036 - INFO - User lab accessed the lab assistant dashboard
2025-03-26 02:43:17,225 - INFO - User lab accessed the lab assistant dashboard
2025-03-26 02:43:17,332 - INFO - User lab accessed the lab assistant dashboard
2025-03-26 02:43:17,428 - INFO - User lab accessed the lab assistant dashboard
2025-03-26 02:43:17,525 - INFO - User lab accessed the lab assistant dashboard
2025-03-26 02:43:17,631 - INFO - User lab accessed the lab assistant dashboard
2025-03-26 02:43:17,739 - INFO - User lab accessed the lab assistant dashboard
2025-03-26 02:43:17,838 - INFO - User lab accessed the lab assistant dashboard
2025-03-26 03:03:54,887 - INFO - User lab accessed the lab assistant dashboard
2025-03-26 03:03:55,094 - INFO - User lab accessed the lab assistant dashboard
2025-03-26 03:03:55,192 - INFO - User lab accessed the lab assistant dashboard
2025-03-26 03:03:55,298 - INFO - User lab accessed the lab assistant dashboard
2025-03-26 03:03:55,393 - INFO - User lab accessed the lab assistant dashboard
2025-03-26 03:03:55,500 - INFO - User lab accessed the lab assistant dashboard
2025-03-26 03:03:56,684 - INFO - User lab accessed the lab assistant dashboard
2025-03-26 03:03:56,782 - INFO - User lab accessed the lab assistant dashboard
2025-03-26 03:03:56,890 - INFO - User lab accessed the lab assistant dashboard
2025-03-26 03:03:56,986 - INFO - User lab accessed the lab assistant dashboard
2025-03-26 03:03:57,079 - INFO - User lab accessed the lab assistant dashboard
2025-03-26 03:03:57,171 - INFO - User lab accessed the lab assistant dashboard
2025-03-26 03:03:57,267 - INFO - User lab accessed the lab assistant dashboard
2025-03-26 03:04:02,332 - INFO - User lab accessed the lab assistant dashboard
2025-03-26 03:04:02,536 - INFO - User lab accessed the lab assistant dashboard
2025-03-26 03:04:02,633 - INFO - User lab accessed the lab assistant dashboard
2025-03-26 03:04:02,738 - INFO - User lab accessed the lab assistant dashboard
2025-03-26 03:04:02,834 - INFO - User lab accessed the lab assistant dashboard
2025-03-26 03:04:02,955 - INFO - User lab accessed the lab assistant dashboard
2025-03-26 03:04:03,169 - INFO - User lab accessed the lab assistant dashboard
2025-03-26 03:04:33,446 - INFO - User lab accessed the lab assistant dashboard
2025-03-26 03:04:33,651 - INFO - User lab accessed the lab assistant dashboard
2025-03-26 03:04:33,747 - INFO - User lab accessed the lab assistant dashboard
2025-03-26 03:04:33,955 - INFO - User lab accessed the lab assistant dashboard
2025-03-26 03:04:34,048 - INFO - User lab accessed the lab assistant dashboard
2025-03-26 03:04:34,152 - INFO - User lab accessed the lab assistant dashboard
2025-03-26 03:05:34,326 - INFO - User lab accessed the lab assistant dashboard
2025-03-26 03:05:34,430 - INFO - User lab accessed the lab assistant dashboard
2025-03-26 03:05:34,631 - INFO - User lab accessed the lab assistant dashboard
2025-03-26 03:05:34,734 - INFO - User lab accessed the lab assistant dashboard
2025-03-26 03:05:34,842 - INFO - User lab accessed the lab assistant dashboard
2025-03-26 03:05:34,963 - INFO - User lab accessed the lab assistant dashboard
2025-03-26 03:05:35,073 - INFO - User lab accessed the lab assistant dashboard
2025-03-26 03:07:51,578 - INFO - User lab accessed the lab assistant dashboard
2025-03-26 03:07:51,681 - INFO - User lab accessed the lab assistant dashboard
2025-03-26 03:07:51,790 - INFO - User lab accessed the lab assistant dashboard
2025-03-26 03:07:51,995 - INFO - User lab accessed the lab assistant dashboard
2025-03-26 03:07:52,103 - INFO - User lab accessed the lab assistant dashboard
2025-03-26 03:07:52,318 - INFO - User lab accessed the lab assistant dashboard
2025-03-26 03:07:53,490 - INFO - User lab accessed the lab assistant dashboard
2025-03-26 03:07:53,600 - INFO - User lab accessed the lab assistant dashboard
2025-03-26 03:07:53,694 - INFO - User lab accessed the lab assistant dashboard
2025-03-26 03:07:53,974 - INFO - User lab accessed the lab assistant dashboard
2025-03-26 03:07:54,182 - INFO - User lab accessed the lab assistant dashboard
2025-03-26 03:07:54,238 - INFO - User lab accessed the lab assistant dashboard
2025-03-26 03:07:54,416 - INFO - User lab accessed the lab assistant dashboard
2025-03-26 03:07:54,530 - INFO - User lab accessed the lab assistant dashboard
2025-03-26 03:07:54,570 - INFO - User lab accessed the lab assistant dashboard
2025-03-26 03:07:54,688 - INFO - User lab accessed the lab assistant dashboard
2025-03-26 03:07:54,730 - INFO - User lab accessed the lab assistant dashboard
2025-03-26 03:07:54,839 - INFO - User lab accessed the lab assistant dashboard
2025-03-26 03:07:54,948 - INFO - User lab accessed the lab assistant dashboard
2025-03-26 03:07:55,064 - INFO - User lab accessed the lab assistant dashboard
2025-03-26 03:07:55,172 - INFO - User lab accessed the lab assistant dashboard
2025-03-26 03:07:55,271 - INFO - User lab accessed the lab assistant dashboard
2025-03-26 03:07:55,376 - INFO - User lab accessed the lab assistant dashboard
2025-03-26 03:08:00,437 - INFO - User lab accessed the lab assistant dashboard
2025-03-26 03:08:00,568 - INFO - User lab accessed the lab assistant dashboard
2025-03-26 03:08:00,779 - INFO - User lab accessed the lab assistant dashboard
2025-03-26 03:08:00,889 - INFO - User lab accessed the lab assistant dashboard
2025-03-26 03:08:00,999 - INFO - User lab accessed the lab assistant dashboard
2025-03-26 03:08:01,104 - INFO - User lab accessed the lab assistant dashboard
2025-03-26 03:08:01,206 - INFO - User lab accessed the lab assistant dashboard
2025-03-26 03:10:35,146 - INFO - User lab accessed the lab assistant dashboard
2025-03-26 03:10:35,269 - INFO - User lab accessed the lab assistant dashboard
2025-03-26 03:10:35,371 - INFO - User lab accessed the lab assistant dashboard
2025-03-26 03:10:35,466 - INFO - User lab accessed the lab assistant dashboard
2025-03-26 03:10:35,670 - INFO - User lab accessed the lab assistant dashboard
2025-03-26 03:10:35,767 - INFO - User lab accessed the lab assistant dashboard
2025-03-26 03:10:35,863 - INFO - User lab accessed the lab assistant dashboard
2025-03-26 03:14:21,827 - INFO - User lab accessed the lab assistant dashboard
2025-03-26 03:14:21,933 - INFO - User lab accessed the lab assistant dashboard
2025-03-26 03:14:22,136 - INFO - User lab accessed the lab assistant dashboard
2025-03-26 03:14:22,245 - INFO - User lab accessed the lab assistant dashboard
2025-03-26 03:14:22,346 - INFO - User lab accessed the lab assistant dashboard
2025-03-26 03:14:22,449 - INFO - User lab accessed the lab assistant dashboard
2025-03-26 03:14:23,646 - INFO - User lab accessed the lab assistant dashboard
2025-03-26 03:14:23,743 - INFO - User lab accessed the lab assistant dashboard
2025-03-26 03:14:23,848 - INFO - User lab accessed the lab assistant dashboard
2025-03-26 03:14:23,944 - INFO - User lab accessed the lab assistant dashboard
2025-03-26 03:14:24,042 - INFO - User lab accessed the lab assistant dashboard
2025-03-26 03:14:24,256 - INFO - User lab accessed the lab assistant dashboard
2025-03-26 03:14:24,356 - INFO - User lab accessed the lab assistant dashboard
2025-03-26 03:14:29,421 - INFO - User lab accessed the lab assistant dashboard
2025-03-26 03:14:29,524 - INFO - User lab accessed the lab assistant dashboard
2025-03-26 03:14:29,629 - INFO - User lab accessed the lab assistant dashboard
2025-03-26 03:14:29,736 - INFO - User lab accessed the lab assistant dashboard
2025-03-26 03:14:29,942 - INFO - User lab accessed the lab assistant dashboard
2025-03-26 03:14:30,057 - INFO - User lab accessed the lab assistant dashboard
2025-03-26 03:14:30,278 - INFO - User lab accessed the lab assistant dashboard
2025-03-26 03:15:00,446 - INFO - User lab accessed the lab assistant dashboard
2025-03-26 03:15:00,544 - INFO - User lab accessed the lab assistant dashboard
2025-03-26 03:15:00,640 - INFO - User lab accessed the lab assistant dashboard
2025-03-26 03:15:00,744 - INFO - User lab accessed the lab assistant dashboard
2025-03-26 03:15:00,846 - INFO - User lab accessed the lab assistant dashboard
2025-03-26 03:15:00,947 - INFO - User lab accessed the lab assistant dashboard
2025-03-26 03:15:57,993 - INFO - User lab accessed the lab assistant dashboard
2025-03-26 03:15:58,117 - INFO - User lab accessed the lab assistant dashboard
2025-03-26 03:15:58,276 - INFO - User lab accessed the lab assistant dashboard
2025-03-26 03:15:59,508 - INFO - User lab accessed the lab assistant dashboard
2025-03-26 03:16:00,926 - INFO - User lab accessed the lab assistant dashboard
2025-03-26 03:16:01,599 - INFO - User lab accessed the lab assistant dashboard
2025-03-26 03:16:17,692 - INFO - User lab accessed the lab assistant dashboard
2025-03-26 03:16:47,677 - INFO - User lab accessed the lab assistant dashboard
2025-03-26 03:16:47,834 - INFO - User lab accessed the lab assistant dashboard
2025-03-26 03:16:48,021 - INFO - User lab accessed the lab assistant dashboard
2025-03-26 03:16:48,169 - INFO - User lab accessed the lab assistant dashboard
2025-03-26 03:16:48,328 - INFO - User lab accessed the lab assistant dashboard
2025-03-26 03:16:48,490 - INFO - User lab accessed the lab assistant dashboard
2025-03-26 03:16:49,321 - INFO - User lab accessed the lab assistant dashboard
2025-03-26 03:17:04,371 - INFO - User lab accessed the lab assistant dashboard
2025-03-26 03:18:10,205 - INFO - User lab accessed the lab assistant dashboard
2025-03-26 03:18:13,542 - INFO - User lab accessed the lab assistant dashboard
2025-03-26 03:18:13,875 - INFO - User lab accessed the lab assistant dashboard
2025-03-26 03:18:14,178 - INFO - User lab accessed the lab assistant dashboard
2025-03-26 03:18:14,475 - INFO - User lab accessed the lab assistant dashboard
2025-03-26 03:20:36,022 - INFO - User lab accessed the lab assistant dashboard
2025-03-26 03:22:36,186 - INFO - User lab accessed the lab assistant dashboard
2025-03-26 03:23:43,503 - INFO - User lab accessed the lab assistant dashboard
2025-03-26 03:24:43,709 - INFO - User lab accessed the lab assistant dashboard
2025-03-26 03:24:44,929 - INFO - User lab accessed the lab assistant dashboard
2025-03-26 03:25:41,845 - INFO - User lab accessed the lab assistant dashboard
2025-03-26 03:27:22,042 - INFO - User lab accessed the lab assistant dashboard
2025-03-26 03:27:22,197 - INFO - User lab accessed the lab assistant dashboard
2025-03-26 03:27:22,347 - INFO - User lab accessed the lab assistant dashboard
2025-03-26 03:27:22,478 - INFO - User lab accessed the lab assistant dashboard
2025-03-26 03:27:31,636 - INFO - User lab accessed the lab assistant dashboard
2025-03-26 03:27:33,556 - INFO - User lab accessed the lab assistant dashboard
2025-03-26 03:31:46,695 - INFO - User lab accessed the lab assistant dashboard
2025-03-26 03:36:28,059 - INFO - User lab (ID: 4) accessed the lab assistant dashboard
2025-03-26 03:36:28,060 - INFO - User role: lab_assistant
2025-03-26 03:36:28,062 - INFO - Lab assistant profile found: False
2025-03-26 03:36:58,756 - INFO - User lab (ID: 4) accessed the lab assistant dashboard
2025-03-26 03:36:58,756 - INFO - User role: lab_assistant
2025-03-26 03:36:58,758 - INFO - Lab assistant profile found: False
2025-03-26 03:36:59,134 - INFO - User lab (ID: 4) accessed the lab assistant dashboard
2025-03-26 03:36:59,134 - INFO - User role: lab_assistant
2025-03-26 03:36:59,136 - INFO - Lab assistant profile found: False
2025-03-26 03:36:59,488 - INFO - User lab (ID: 4) accessed the lab assistant dashboard
2025-03-26 03:36:59,488 - INFO - User role: lab_assistant
2025-03-26 03:36:59,490 - INFO - Lab assistant profile found: False
2025-03-26 03:36:59,815 - INFO - User lab (ID: 4) accessed the lab assistant dashboard
2025-03-26 03:36:59,815 - INFO - User role: lab_assistant
2025-03-26 03:36:59,816 - INFO - Lab assistant profile found: False
2025-03-26 03:37:00,147 - INFO - User lab (ID: 4) accessed the lab assistant dashboard
2025-03-26 03:37:00,147 - INFO - User role: lab_assistant
2025-03-26 03:37:00,149 - INFO - Lab assistant profile found: False
2025-03-26 03:49:15,861 - INFO - User lab (ID: 4) accessed the lab assistant dashboard
2025-03-26 03:49:15,861 - INFO - User role: lab_assistant
2025-03-26 03:49:15,863 - INFO - Lab assistant profile found: False
2025-03-26 03:49:17,157 - INFO - User lab (ID: 4) accessed the lab assistant dashboard
2025-03-26 03:49:17,157 - INFO - User role: lab_assistant
2025-03-26 03:49:17,158 - INFO - Lab assistant profile found: False
2025-03-26 03:52:41,404 - INFO - User lab (ID: 4) accessed the lab assistant dashboard
2025-03-26 03:52:41,405 - INFO - User role: lab_assistant
2025-03-26 03:52:41,406 - INFO - Lab assistant profile found: False
2025-03-26 03:53:30,895 - INFO - User lab (ID: 4) accessed the lab assistant dashboard
2025-03-26 03:53:30,895 - INFO - User role: lab_assistant
2025-03-26 03:53:30,897 - INFO - Lab assistant profile found: False
2025-03-26 03:53:41,792 - INFO - User lab (ID: 4) accessed the lab assistant dashboard
2025-03-26 03:53:41,792 - INFO - User role: lab_assistant
2025-03-26 03:53:41,793 - INFO - Lab assistant profile found: False
2025-03-26 03:53:43,650 - INFO - User lab (ID: 4) accessed the lab assistant dashboard
2025-03-26 03:53:43,651 - INFO - User role: lab_assistant
2025-03-26 03:53:43,653 - INFO - Lab assistant profile found: False
2025-03-26 03:55:05,212 - INFO - User lab (ID: 4) accessed the lab assistant dashboard
2025-03-26 03:55:05,213 - INFO - User role: lab_assistant
2025-03-26 03:55:05,214 - INFO - Lab assistant profile found: True
2025-03-26 03:57:37,762 - INFO - User lab (ID: 4) accessed the lab assistant dashboard
2025-03-26 03:57:37,762 - INFO - User role: lab_assistant
2025-03-26 03:57:37,764 - INFO - Lab assistant profile found: True
2025-03-26 04:02:05,251 - INFO - User lab (ID: 4) accessed the lab assistant dashboard
2025-03-26 04:02:05,252 - INFO - User role: lab_assistant
2025-03-26 04:02:05,254 - INFO - Lab assistant profile found: True
2025-03-26 04:02:05,469 - INFO - [CLIENT] Lab Assistant Dashboard page loaded
2025-03-26 04:02:05,476 - ERROR - [CLIENT] Error in dashboard: Cannot set properties of undefined (setting '_DT_CellIndex')
2025-03-26 04:02:05,476 - INFO - [CLIENT] Page loaded: /lab-assistant-portal/
2025-03-26 04:02:10,013 - INFO - User lab (ID: 4) accessed the lab assistant dashboard
2025-03-26 04:02:10,013 - INFO - User role: lab_assistant
2025-03-26 04:02:10,015 - INFO - Lab assistant profile found: True
2025-03-26 04:02:10,099 - INFO - [CLIENT] Lab Assistant Dashboard page loaded
2025-03-26 04:02:10,103 - ERROR - [CLIENT] Error in dashboard: Cannot set properties of undefined (setting '_DT_CellIndex')
2025-03-26 04:02:10,103 - INFO - [CLIENT] Page loaded: /lab-assistant-portal/
2025-03-26 04:02:11,264 - INFO - User lab accessed leave applications
2025-03-26 04:02:11,347 - INFO - [CLIENT] Leave applications page loaded
2025-03-26 04:02:11,359 - ERROR - [CLIENT] Error in leave applications page: Cannot set properties of undefined (setting '_DT_CellIndex')
2025-03-26 04:02:11,359 - INFO - [CLIENT] Page loaded: /lab-assistant-portal/leave-applications/
2025-03-26 04:02:13,026 - INFO - User lab accessed leave applications
2025-03-26 04:02:13,117 - INFO - [CLIENT] Leave applications page loaded
2025-03-26 04:02:13,118 - ERROR - [CLIENT] Error in leave applications page: Cannot set properties of undefined (setting '_DT_CellIndex')
2025-03-26 04:02:13,118 - INFO - [CLIENT] Page loaded: /lab-assistant-portal/leave-applications/
2025-03-26 04:02:13,689 - INFO - User lab accessed attendance exceptions
2025-03-26 04:02:13,802 - INFO - [CLIENT] Attendance exceptions page loaded
2025-03-26 04:02:13,812 - ERROR - [CLIENT] Error in attendance exceptions page: Cannot set properties of undefined (setting '_DT_CellIndex')
2025-03-26 04:02:13,813 - INFO - [CLIENT] Page loaded: /lab-assistant-portal/attendance-exceptions/
2025-03-26 04:02:14,449 - INFO - User lab accessed lab schedule
2025-03-26 04:02:14,575 - INFO - [CLIENT] Page loaded: /lab-assistant-portal/lab-schedule/
2025-03-26 04:02:15,376 - INFO - User lab accessed low attendance monitoring
2025-03-26 04:02:15,524 - INFO - [CLIENT] Page loaded: /lab-assistant-portal/low-attendance/
2025-03-26 04:02:16,579 - INFO - User lab accessed reports
2025-03-26 04:02:16,711 - INFO - [CLIENT] Page loaded: /lab-assistant-portal/reports/
2025-03-26 04:02:17,665 - INFO - User lab accessed their profile
2025-03-26 04:02:17,774 - INFO - [CLIENT] Profile page loaded
2025-03-26 04:02:17,774 - INFO - [CLIENT] Page loaded: /lab-assistant-portal/profile/
2025-03-26 04:02:23,109 - INFO - User lab (ID: 4) accessed the lab assistant dashboard
2025-03-26 04:02:23,109 - INFO - User role: lab_assistant
2025-03-26 04:02:23,111 - INFO - Lab assistant profile found: True
2025-03-26 04:02:23,212 - ERROR - [CLIENT] Error in dashboard: Cannot set properties of undefined (setting '_DT_CellIndex')
2025-03-26 04:02:23,213 - INFO - [CLIENT] Lab Assistant Dashboard page loaded
2025-03-26 04:02:23,213 - INFO - [CLIENT] Page loaded: /lab-assistant-portal/
2025-03-26 04:02:25,524 - INFO - User lab (ID: 4) accessed the lab assistant dashboard
2025-03-26 04:02:25,524 - INFO - User role: lab_assistant
2025-03-26 04:02:25,527 - INFO - Lab assistant profile found: True
2025-03-26 04:02:25,625 - INFO - [CLIENT] Lab Assistant Dashboard page loaded
2025-03-26 04:02:25,626 - ERROR - [CLIENT] Error in dashboard: Cannot set properties of undefined (setting '_DT_CellIndex')
2025-03-26 04:02:25,626 - INFO - [CLIENT] Page loaded: /lab-assistant-portal/
2025-03-26 04:02:26,634 - INFO - User lab accessed their profile
2025-03-26 04:02:26,710 - INFO - [CLIENT] Page loaded: /lab-assistant-portal/profile/
2025-03-26 04:02:26,711 - INFO - [CLIENT] Profile page loaded
2025-03-26 04:03:48,914 - INFO - User lab (ID: 4) accessed the lab assistant dashboard
2025-03-26 04:03:48,914 - INFO - User role: lab_assistant
2025-03-26 04:03:48,915 - INFO - Lab assistant profile found: True
2025-03-26 04:03:49,019 - INFO - [CLIENT] Lab Assistant Dashboard page loaded
2025-03-26 04:03:49,024 - ERROR - [CLIENT] Error in dashboard: Cannot set properties of undefined (setting '_DT_CellIndex')
2025-03-26 04:03:49,026 - INFO - [CLIENT] Page loaded: /lab-assistant-portal/
2025-03-26 04:03:50,716 - INFO - User lab accessed their profile
2025-03-26 04:03:50,795 - INFO - [CLIENT] Profile page loaded
2025-03-26 04:03:50,796 - INFO - [CLIENT] Page loaded: /lab-assistant-portal/profile/
2025-03-26 04:04:16,272 - INFO - User lab accessed reports
2025-03-26 04:04:16,367 - INFO - [CLIENT] Page loaded: /lab-assistant-portal/reports/
2025-03-26 04:04:20,312 - INFO - User lab accessed low attendance monitoring
2025-03-26 04:04:20,409 - INFO - [CLIENT] Page loaded: /lab-assistant-portal/low-attendance/
2025-03-26 13:42:02,228 - INFO - User lab accessed low attendance monitoring
2025-03-26 13:42:02,361 - INFO - [CLIENT] Page loaded: /lab-assistant-portal/low-attendance/
2025-03-26 13:42:02,399 - INFO - User lab accessed low attendance monitoring
2025-03-26 13:42:02,490 - INFO - [CLIENT] Page loaded: /lab-assistant-portal/low-attendance/
2025-03-26 13:42:02,548 - INFO - User lab accessed low attendance monitoring
2025-03-26 13:42:02,626 - INFO - [CLIENT] Page loaded: /lab-assistant-portal/low-attendance/
2025-03-26 13:42:02,721 - INFO - User lab accessed low attendance monitoring
2025-03-26 13:42:02,802 - INFO - [CLIENT] Page loaded: /lab-assistant-portal/low-attendance/
2025-03-26 13:42:02,860 - INFO - User lab accessed low attendance monitoring
2025-03-26 13:42:02,941 - INFO - [CLIENT] Page loaded: /lab-assistant-portal/low-attendance/
2025-03-26 13:42:03,005 - INFO - User lab accessed low attendance monitoring
2025-03-26 13:42:03,086 - INFO - [CLIENT] Page loaded: /lab-assistant-portal/low-attendance/
2025-03-26 15:06:31,672 - INFO - User lab (ID: 4) accessed the lab assistant dashboard
2025-03-26 15:06:31,672 - INFO - User role: lab_assistant
2025-03-26 15:06:31,673 - INFO - Lab assistant profile found: True
2025-03-26 15:06:31,763 - INFO - [CLIENT] Lab Assistant Dashboard page loaded
2025-03-26 15:06:31,771 - INFO - [CLIENT] Page loaded: /lab-assistant-portal/
2025-03-26 15:06:31,772 - ERROR - [CLIENT] Error in dashboard: Cannot set properties of undefined (setting '_DT_CellIndex')
2025-03-26 15:06:34,138 - INFO - User lab (ID: 4) accessed the lab assistant dashboard
2025-03-26 15:06:34,139 - INFO - User role: lab_assistant
2025-03-26 15:06:34,141 - INFO - Lab assistant profile found: True
2025-03-26 15:06:34,234 - INFO - [CLIENT] Lab Assistant Dashboard page loaded
2025-03-26 15:06:34,235 - ERROR - [CLIENT] Error in dashboard: Cannot set properties of undefined (setting '_DT_CellIndex')
2025-03-26 15:06:34,342 - INFO - [CLIENT] Page loaded: /lab-assistant-portal/
2025-03-26 15:06:34,808 - INFO - User lab accessed leave applications
2025-03-26 15:06:34,882 - INFO - [CLIENT] Leave applications page loaded
2025-03-26 15:06:34,888 - ERROR - [CLIENT] Error in leave applications page: Cannot set properties of undefined (setting '_DT_CellIndex')
2025-03-26 15:06:34,888 - INFO - [CLIENT] Page loaded: /lab-assistant-portal/leave-applications/
2025-03-26 15:06:35,251 - INFO - User lab accessed attendance exceptions
2025-03-26 15:06:35,337 - INFO - [CLIENT] Attendance exceptions page loaded
2025-03-26 15:06:35,342 - ERROR - [CLIENT] Error in attendance exceptions page: Cannot set properties of undefined (setting '_DT_CellIndex')
2025-03-26 15:06:35,343 - INFO - [CLIENT] Page loaded: /lab-assistant-portal/attendance-exceptions/
2025-03-26 15:06:35,574 - INFO - User lab accessed lab schedule
2025-03-26 15:06:35,675 - INFO - [CLIENT] Page loaded: /lab-assistant-portal/lab-schedule/
2025-03-26 15:06:36,247 - INFO - User lab accessed low attendance monitoring
2025-03-26 15:06:36,334 - INFO - [CLIENT] Page loaded: /lab-assistant-portal/low-attendance/
2025-03-26 15:06:36,745 - INFO - User lab accessed low attendance monitoring
2025-03-26 15:06:36,834 - INFO - [CLIENT] Page loaded: /lab-assistant-portal/low-attendance/
2025-03-26 15:06:37,281 - INFO - User lab accessed reports
2025-03-26 15:06:37,461 - INFO - [CLIENT] Page loaded: /lab-assistant-portal/reports/
2025-03-26 15:06:37,549 - INFO - User lab accessed their profile
2025-03-26 15:06:37,625 - INFO - [CLIENT] Profile page loaded
2025-03-26 15:06:37,626 - INFO - [CLIENT] Page loaded: /lab-assistant-portal/profile/
